"C:\Program Files\JetBrains\CLion 2019.3.2\bin\cmake\win\bin\cmake.exe" -DCMAKE_BUILD_TYPE=Debug -G "CodeBlocks - NMake Makefiles" "C:\Users\doron.pinsky\Dropbox\Advanced Topics in Robotics 236610\project- T star\tstar\AStar"
-- The C compiler identification is MSVC 19.24.28315.0
-- The CXX compiler identification is MSVC 19.24.28315.0
-- Check for working C compiler: C:/Program Files (x86)/Microsoft Visual Studio/2019/Community/VC/Tools/MSVC/14.24.28314/bin/Hostx86/x86/cl.exe
-- Check for working C compiler: C:/Program Files (x86)/Microsoft Visual Studio/2019/Community/VC/Tools/MSVC/14.24.28314/bin/Hostx86/x86/cl.exe -- works
-- Detecting C compiler ABI info
-- Detecting C compiler ABI info - failed
-- Detecting C compile features
-- Detecting C compile features - done
-- Check for working CXX compiler: C:/Program Files (x86)/Microsoft Visual Studio/2019/Community/VC/Tools/MSVC/14.24.28314/bin/Hostx86/x86/cl.exe
-- Check for working CXX compiler: C:/Program Files (x86)/Microsoft Visual Studio/2019/Community/VC/Tools/MSVC/14.24.28314/bin/Hostx86/x86/cl.exe -- broken
CMake Error at C:/Program Files/JetBrains/CLion 2019.3.2/bin/cmake/win/share/cmake-3.15/Modules/CMakeTestCXXCompiler.cmake:53 (message):
  The C++ compiler

    "C:/Program Files (x86)/Microsoft Visual Studio/2019/Community/VC/Tools/MSVC/14.24.28314/bin/Hostx86/x86/cl.exe"

  is not able to compile a simple test program.

  It fails with the following output:

    Change Dir: C:/Users/doron.pinsky/Dropbox/Advanced Topics in Robotics 236610/project- T star/tstar/AStar/cmake-build-debug/CMakeFiles/CMakeTmp
    
    Run Build Command(s):nmake /nologo cmTC_9123d\fast && 	"C:\Program Files (x86)\Microsoft Visual Studio\2019\Community\VC\Tools\MSVC\14.24.28314\bin\HostX86\x86\nmake.exe" -f CMakeFiles\cmTC_9123d.dir\build.make /nologo -L                  CMakeFiles\cmTC_9123d.dir\build
    Building CXX object CMakeFiles/cmTC_9123d.dir/testCXXCompiler.cxx.obj
    	C:\PROGRA~2\MICROS~2\2019\COMMUN~1\VC\Tools\MSVC\1424~1.283\bin\Hostx86\x86\cl.exe @C:\Users\DORON~1.PIN\AppData\Local\Temp\nm360D.tmp
    testCXXCompiler.cxx
    Linking CXX executable cmTC_9123d.exe
    	"C:\Program Files\JetBrains\CLion 2019.3.2\bin\cmake\win\bin\cmake.exe" -E vs_link_exe --intdir=CMakeFiles\cmTC_9123d.dir --rc=C:\PROGRA~2\WI3CF2~1\10\bin\100183~1.0\x86\rc.exe --mt=C:\PROGRA~2\WI3CF2~1\10\bin\100183~1.0\x86\mt.exe --manifests  -- C:\PROGRA~2\MICROS~2\2019\COMMUN~1\VC\Tools\MSVC\1424~1.283\bin\Hostx86\x86\link.exe /nologo @CMakeFiles\cmTC_9123d.dir\objects1.rsp @C:\Users\DORON~1.PIN\AppData\Local\Temp\nm36D9.tmp
    FINAL LINK: command "C:\PROGRA~2\MICROS~2\2019\COMMUN~1\VC\Tools\MSVC\1424~1.283\bin\Hostx86\x86\link.exe /nologo @CMakeFiles\cmTC_9123d.dir\objects1.rsp /out:cmTC_9123d.exe /implib:cmTC_9123d.lib /pdb:C:\Users\doron.pinsky\Dropbox\Advanced Topics in Robotics 236610\project- T star\tstar\AStar\cmake-build-debug\CMakeFiles\CMakeTmp\cmTC_9123d.pdb /version:0.0 /machine:X86 /debug /INCREMENTAL /subsystem:console kernel32.lib user32.lib gdi32.lib winspool.lib shell32.lib ole32.lib oleaut32.lib uuid.lib comdlg32.lib advapi32.lib /MANIFEST /MANIFESTFILE:CMakeFiles\cmTC_9123d.dir/intermediate.manifest CMakeFiles\cmTC_9123d.dir/manifest.res" failed (exit code 1104) with the following output:
    LINK : fatal error LNK1104: cannot open file 'cmTC_9123d.exe'
    NMAKE : fatal error U1077: '"C:\Program Files\JetBrains\CLion 2019.3.2\bin\cmake\win\bin\cmake.exe"' : return code '0xffffffff'
    Stop.
    NMAKE : fatal error U1077: '"C:\Program Files (x86)\Microsoft Visual Studio\2019\Community\VC\Tools\MSVC\14.24.28314\bin\HostX86\x86\nmake.exe"' : return code '0x2'
    Stop.
    
    

  

  CMake will not be able to correctly generate this project.
Call Stack (most recent call first):
  CMakeLists.txt:2 (project)


-- Configuring incomplete, errors occurred!
See also "C:/Users/doron.pinsky/Dropbox/Advanced Topics in Robotics 236610/project- T star/tstar/AStar/cmake-build-debug/CMakeFiles/CMakeOutput.log".
See also "C:/Users/doron.pinsky/Dropbox/Advanced Topics in Robotics 236610/project- T star/tstar/AStar/cmake-build-debug/CMakeFiles/CMakeError.log".
